nohup: ignoring input
Pulling latest changes from GitHub...
From https://github.com/SagarRaghuvanshi31/my-docs
 * branch            main       -> FETCH_HEAD
Already up to date.
Restarting Docusaurus...

> my-docs@0.0.0 start
> docusaurus start

[INFO] Starting the development server...
[ERROR] Something is already running on port 3000.
Pulling latest changes from GitHub...
From https://github.com/SagarRaghuvanshi31/my-docs
 * branch            main       -> FETCH_HEAD
Already up to date.
Restarting Docusaurus...

> my-docs@0.0.0 start
> docusaurus start

[INFO] Starting the development server...
[ERROR] Something is already running on port 3000.
Pulling latest changes from GitHub...
From https://github.com/SagarRaghuvanshi31/my-docs
 * branch            main       -> FETCH_HEAD
Already up to date.
Restarting Docusaurus...

> my-docs@0.0.0 start
> docusaurus start

[INFO] Starting the development server...
[ERROR] Something is already running on port 3000.
Pulling latest changes from GitHub...
From https://github.com/SagarRaghuvanshi31/my-docs
 * branch            main       -> FETCH_HEAD
Already up to date.
Restarting Docusaurus...

> my-docs@0.0.0 start
> docusaurus start

[INFO] Starting the development server...
[ERROR] Something is already running on port 3000.
Pulling latest changes from GitHub...
From https://github.com/SagarRaghuvanshi31/my-docs
 * branch            main       -> FETCH_HEAD
Already up to date.
Restarting Docusaurus...

> my-docs@0.0.0 start
> docusaurus start

[INFO] Starting the development server...
[ERROR] Something is already running on port 3000.
Pulling latest changes from GitHub...
From https://github.com/SagarRaghuvanshi31/my-docs
 * branch            main       -> FETCH_HEAD
Already up to date.
Restarting Docusaurus...

> my-docs@0.0.0 start
> docusaurus start

[INFO] Starting the development server...
[ERROR] Something is already running on port 3000.
Pulling latest changes from GitHub...
From https://github.com/SagarRaghuvanshi31/my-docs
 * branch            main       -> FETCH_HEAD
   17de316..01a091e  main       -> origin/main
Merge made by the 'ort' strategy.
 docs/new11 | 1 +
 1 file changed, 1 insertion(+)
 create mode 100644 docs/new11
Restarting Docusaurus...

> my-docs@0.0.0 start
> docusaurus start

[INFO] Starting the development server...
[ERROR] Something is already running on port 3000.
Pulling latest changes from GitHub...
From https://github.com/SagarRaghuvanshi31/my-docs
 * branch            main       -> FETCH_HEAD
Already up to date.
Restarting Docusaurus...

> my-docs@0.0.0 start
> docusaurus start

[INFO] Starting the development server...
[ERROR] Something is already running on port 3000.
Pulling latest changes from GitHub...
From https://github.com/SagarRaghuvanshi31/my-docs
 * branch            main       -> FETCH_HEAD
Already up to date.
Restarting Docusaurus...

> my-docs@0.0.0 start
> docusaurus start

[INFO] Starting the development server...
[ERROR] Something is already running on port 3000.
Pulling latest changes from GitHub...
From https://github.com/SagarRaghuvanshi31/my-docs
 * branch            main       -> FETCH_HEAD
Already up to date.
Restarting Docusaurus...

> my-docs@0.0.0 start
> docusaurus start

[INFO] Starting the development server...
[ERROR] Something is already running on port 3000.
Pulling latest changes from GitHub...
From https://github.com/SagarRaghuvanshi31/my-docs
 * branch            main       -> FETCH_HEAD
Already up to date.
Restarting Docusaurus...

> my-docs@0.0.0 start
> docusaurus start

[INFO] Starting the development server...
[ERROR] Something is already running on port 3000.
Pulling latest changes from GitHub...
From https://github.com/SagarRaghuvanshi31/my-docs
 * branch            main       -> FETCH_HEAD
Already up to date.
Restarting Docusaurus...

> my-docs@0.0.0 start
> docusaurus start

[INFO] Starting the development server...
[ERROR] Something is already running on port 3000.
Pulling latest changes from GitHub...
From https://github.com/SagarRaghuvanshi31/my-docs
 * branch            main       -> FETCH_HEAD
Already up to date.
Restarting Docusaurus...

> my-docs@0.0.0 start
> docusaurus start

[INFO] Starting the development server...
[ERROR] Something is already running on port 3000.
Pulling latest changes from GitHub...
From https://github.com/SagarRaghuvanshi31/my-docs
 * branch            main       -> FETCH_HEAD
Already up to date.
Restarting Docusaurus...

> my-docs@0.0.0 start
> docusaurus start

[INFO] Starting the development server...
[ERROR] Something is already running on port 3000.
Pulling latest changes from GitHub...
From https://github.com/SagarRaghuvanshi31/my-docs
 * branch            main       -> FETCH_HEAD
Already up to date.
Restarting Docusaurus...

> my-docs@0.0.0 start
> docusaurus start

[INFO] Starting the development server...
[ERROR] Something is already running on port 3000.
Pulling latest changes from GitHub...
From https://github.com/SagarRaghuvanshi31/my-docs
 * branch            main       -> FETCH_HEAD
Already up to date.
Restarting Docusaurus...

> my-docs@0.0.0 start
> docusaurus start

[INFO] Starting the development server...
[ERROR] Something is already running on port 3000.
Pulling latest changes from GitHub...
From https://github.com/SagarRaghuvanshi31/my-docs
 * branch            main       -> FETCH_HEAD
Already up to date.
Restarting Docusaurus...

> my-docs@0.0.0 start
> docusaurus start

[INFO] Starting the development server...
[ERROR] Something is already running on port 3000.
Pulling latest changes from GitHub...
From https://github.com/SagarRaghuvanshi31/my-docs
 * branch            main       -> FETCH_HEAD
Already up to date.
Restarting Docusaurus...

> my-docs@0.0.0 start
> docusaurus start

[INFO] Starting the development server...
[ERROR] Something is already running on port 3000.
Pulling latest changes from GitHub...
From https://github.com/SagarRaghuvanshi31/my-docs
 * branch            main       -> FETCH_HEAD
Already up to date.
Restarting Docusaurus...

> my-docs@0.0.0 start
> docusaurus start

[INFO] Starting the development server...
[ERROR] Something is already running on port 3000.
Pulling latest changes from GitHub...
From https://github.com/SagarRaghuvanshi31/my-docs
 * branch            main       -> FETCH_HEAD
Already up to date.
Restarting Docusaurus...

> my-docs@0.0.0 start
> docusaurus start

[INFO] Starting the development server...
[ERROR] Something is already running on port 3000.
Pulling latest changes from GitHub...
From https://github.com/SagarRaghuvanshi31/my-docs
 * branch            main       -> FETCH_HEAD
Already up to date.
Restarting Docusaurus...

> my-docs@0.0.0 start
> docusaurus start

[INFO] Starting the development server...
[ERROR] Something is already running on port 3000.
Pulling latest changes from GitHub...
From https://github.com/SagarRaghuvanshi31/my-docs
 * branch            main       -> FETCH_HEAD
Already up to date.
Restarting Docusaurus...

> my-docs@0.0.0 start
> docusaurus start

[INFO] Starting the development server...
[ERROR] Something is already running on port 3000.
Pulling latest changes from GitHub...
From https://github.com/SagarRaghuvanshi31/my-docs
 * branch            main       -> FETCH_HEAD
Already up to date.
Restarting Docusaurus...

> my-docs@0.0.0 start
> docusaurus start

[INFO] Starting the development server...
[ERROR] Something is already running on port 3000.
Pulling latest changes from GitHub...
From https://github.com/SagarRaghuvanshi31/my-docs
 * branch            main       -> FETCH_HEAD
Already up to date.
Restarting Docusaurus...

> my-docs@0.0.0 start
> docusaurus start

[INFO] Starting the development server...
[ERROR] Something is already running on port 3000.
Pulling latest changes from GitHub...
From https://github.com/SagarRaghuvanshi31/my-docs
 * branch            main       -> FETCH_HEAD
Already up to date.
Restarting Docusaurus...

> my-docs@0.0.0 start
> docusaurus start

[INFO] Starting the development server...
[ERROR] Something is already running on port 3000.
Pulling latest changes from GitHub...
From https://github.com/SagarRaghuvanshi31/my-docs
 * branch            main       -> FETCH_HEAD
Already up to date.
Restarting Docusaurus...

> my-docs@0.0.0 start
> docusaurus start

[INFO] Starting the development server...
[ERROR] Something is already running on port 3000.
Pulling latest changes from GitHub...
From https://github.com/SagarRaghuvanshi31/my-docs
 * branch            main       -> FETCH_HEAD
Already up to date.
Restarting Docusaurus...

> my-docs@0.0.0 start
> docusaurus start

[INFO] Starting the development server...
[ERROR] Something is already running on port 3000.
Pulling latest changes from GitHub...
From https://github.com/SagarRaghuvanshi31/my-docs
 * branch            main       -> FETCH_HEAD
Already up to date.
Restarting Docusaurus...

> my-docs@0.0.0 start
> docusaurus start

[INFO] Starting the development server...
[ERROR] Something is already running on port 3000.
Pulling latest changes from GitHub...
From https://github.com/SagarRaghuvanshi31/my-docs
 * branch            main       -> FETCH_HEAD
Already up to date.
Restarting Docusaurus...

> my-docs@0.0.0 start
> docusaurus start

[INFO] Starting the development server...
[ERROR] Something is already running on port 3000.
Pulling latest changes from GitHub...
From https://github.com/SagarRaghuvanshi31/my-docs
 * branch            main       -> FETCH_HEAD
Already up to date.
Restarting Docusaurus...

> my-docs@0.0.0 start
> docusaurus start

[INFO] Starting the development server...
[ERROR] Something is already running on port 3000.
Pulling latest changes from GitHub...
From https://github.com/SagarRaghuvanshi31/my-docs
 * branch            main       -> FETCH_HEAD
Already up to date.
Restarting Docusaurus...

> my-docs@0.0.0 start
> docusaurus start

[INFO] Starting the development server...
[ERROR] Something is already running on port 3000.
Pulling latest changes from GitHub...
From https://github.com/SagarRaghuvanshi31/my-docs
 * branch            main       -> FETCH_HEAD
Already up to date.
Restarting Docusaurus...

> my-docs@0.0.0 start
> docusaurus start

[INFO] Starting the development server...
[ERROR] Something is already running on port 3000.
Pulling latest changes from GitHub...
From https://github.com/SagarRaghuvanshi31/my-docs
 * branch            main       -> FETCH_HEAD
Already up to date.
Restarting Docusaurus...

> my-docs@0.0.0 start
> docusaurus start

[INFO] Starting the development server...
[ERROR] Something is already running on port 3000.
Pulling latest changes from GitHub...
From https://github.com/SagarRaghuvanshi31/my-docs
 * branch            main       -> FETCH_HEAD
Already up to date.
Restarting Docusaurus...

> my-docs@0.0.0 start
> docusaurus start

[INFO] Starting the development server...
[ERROR] Something is already running on port 3000.
Pulling latest changes from GitHub...
From https://github.com/SagarRaghuvanshi31/my-docs
 * branch            main       -> FETCH_HEAD
Already up to date.
Restarting Docusaurus...

> my-docs@0.0.0 start
> docusaurus start

[INFO] Starting the development server...
[ERROR] Something is already running on port 3000.
Pulling latest changes from GitHub...
From https://github.com/SagarRaghuvanshi31/my-docs
 * branch            main       -> FETCH_HEAD
Already up to date.
Restarting Docusaurus...

> my-docs@0.0.0 start
> docusaurus start

[INFO] Starting the development server...
[ERROR] Something is already running on port 3000.
Pulling latest changes from GitHub...
From https://github.com/SagarRaghuvanshi31/my-docs
 * branch            main       -> FETCH_HEAD
Already up to date.
Restarting Docusaurus...

> my-docs@0.0.0 start
> docusaurus start

[INFO] Starting the development server...
[ERROR] Something is already running on port 3000.
Pulling latest changes from GitHub...
From https://github.com/SagarRaghuvanshi31/my-docs
 * branch            main       -> FETCH_HEAD
Already up to date.
Restarting Docusaurus...

> my-docs@0.0.0 start
> docusaurus start

[INFO] Starting the development server...
[ERROR] Something is already running on port 3000.
Pulling latest changes from GitHub...
From https://github.com/SagarRaghuvanshi31/my-docs
 * branch            main       -> FETCH_HEAD
Already up to date.
Restarting Docusaurus...

> my-docs@0.0.0 start
> docusaurus start

[INFO] Starting the development server...
[ERROR] Something is already running on port 3000.
Pulling latest changes from GitHub...
From https://github.com/SagarRaghuvanshi31/my-docs
 * branch            main       -> FETCH_HEAD
Already up to date.
Restarting Docusaurus...

> my-docs@0.0.0 start
> docusaurus start

[INFO] Starting the development server...
[ERROR] Something is already running on port 3000.
Pulling latest changes from GitHub...
From https://github.com/SagarRaghuvanshi31/my-docs
 * branch            main       -> FETCH_HEAD
Already up to date.
Restarting Docusaurus...

> my-docs@0.0.0 start
> docusaurus start

[INFO] Starting the development server...
[ERROR] Something is already running on port 3000.
Pulling latest changes from GitHub...
From https://github.com/SagarRaghuvanshi31/my-docs
 * branch            main       -> FETCH_HEAD
Already up to date.
Restarting Docusaurus...

> my-docs@0.0.0 start
> docusaurus start

[INFO] Starting the development server...
[ERROR] Something is already running on port 3000.
Pulling latest changes from GitHub...
From https://github.com/SagarRaghuvanshi31/my-docs
 * branch            main       -> FETCH_HEAD
Already up to date.
Restarting Docusaurus...

> my-docs@0.0.0 start
> docusaurus start

[INFO] Starting the development server...
[ERROR] Something is already running on port 3000.
Pulling latest changes from GitHub...
