nohup: ignoring input
Watching for changes in ./docs...
Setting up watches.  Beware: since -r was given, this may take a while!
Watches established.
./docs/ CREATE gg.md
Changes detected! Pulling latest changes from GitHub...
error: You have not concluded your merge (MERGE_HEAD exists).
hint: Please, commit your changes before merging.
fatal: Exiting because of unfinished merge.
Restarting Docusaurus...

> my-docs@0.0.0 start
> docusaurus start

[INFO] Starting the development server...
[ERROR] Something is already running on port 3000.
Setting up watches.  Beware: since -r was given, this may take a while!
Watches established.
./docs/ CREATE kk.md
Changes detected! Pulling latest changes from GitHub...
error: You have not concluded your merge (MERGE_HEAD exists).
hint: Please, commit your changes before merging.
fatal: Exiting because of unfinished merge.
Restarting Docusaurus...

> my-docs@0.0.0 start
> docusaurus start

[INFO] Starting the development server...
[ERROR] Something is already running on port 3000.
Setting up watches.  Beware: since -r was given, this may take a while!
Watches established.
./docs/ CREATE new11
Changes detected! Pulling latest changes from GitHub...
error: You have not concluded your merge (MERGE_HEAD exists).
hint: Please, commit your changes before merging.
fatal: Exiting because of unfinished merge.
Restarting Docusaurus...

> my-docs@0.0.0 start
> docusaurus start

[INFO] Starting the development server...
[ERROR] Something is already running on port 3000.
Setting up watches.  Beware: since -r was given, this may take a while!
Watches established.
./docs/ CREATE asus.md
Changes detected! Pulling latest changes from GitHub...
error: You have not concluded your merge (MERGE_HEAD exists).
hint: Please, commit your changes before merging.
fatal: Exiting because of unfinished merge.
Restarting Docusaurus...
Terminated
Setting up watches.  Beware: since -r was given, this may take a while!
Watches established.
./docs/ CREATE kggk.md
Changes detected! Pulling latest changes from GitHub...
error: You have not concluded your merge (MERGE_HEAD exists).
hint: Please, commit your changes before merging.
fatal: Exiting because of unfinished merge.
Restarting Docusaurus...
Terminated
Setting up watches.  Beware: since -r was given, this may take a while!
Watches established.
./docs/ CREATE ankit.md
Changes detected! Pulling latest changes from GitHub...
From https://github.com/SagarRaghuvanshi31/my-docs
 * branch            main       -> FETCH_HEAD
Already up to date.
Restarting Docusaurus...

> my-docs@0.0.0 start
> docusaurus start

Terminated
Setting up watches.  Beware: since -r was given, this may take a while!
Watches establish./docs/ CREATE anuj.md
Changes detected! Pulling latest changes from GitHub...
error: You have not concluded your merge (MERGE_HEAD exists).
hint: Please, commit your changes before merging.
fatal: Exiting because of unfinished merge.
Restarting Docusaurus...
Terminated
Setting up watches.  Beware: since -r was given, this may take a while!
Watches established.
./docs/ DELETE ankit.md
Changes detected! Pulling latest changes from GitHub...
error: You have not concluded your merge (MERGE_HEAD exists).
hint: Please, commit your changes before merging.
fatal: Exiting because of unfinished merge.
Restarting Docusaurus...
Terminated
Setting up watches.  Beware: since -r was given, this may take a while!
Watches established.
./docs/ CREATE lab.md
Changes detected! Pulling latest changes from GitHub...
From https://github.com/SagarRaghuvanshi31/my-docs
 * branch            main       -> FETCH_HEAD
Already up to date.
Restarting Docusaurus...

> my-docs@0.0.0 start
> docusaurus start

Terminated
Setting up watches.  Beware: since -r was given, this may take a while!
Watches established.
[INFO] Starting the development server...
[ERROR] Something is already running on port 3000.
./docs/ CREATE JJJ.md
Changes detected! Pulling latest changes from GitHub...
error: You have not concluded your merge (MERGE_HEAD exists).
hint: Please, commit your changes before merging.
fatal: Exiting because oerror: You have not Restarting Docusaurus...

> my-docs@0.0.0 start
> docusaurus start

[INFO] Starting the development server...
[ERROR] Something is already running on port 3000.
Setting up watches.  Beware: since -r was given, this may take a while!
Watches established.
./docs/ DELETE JJJ.md
Changes detected! Pulling latest changes from GitHub...
error: You have not concluded your merge (MERGE_HEAD exists).
hint: Please, commit your changes before merging.
fatal: Exiting because of unfinished merge.
Restarting Docusaurus...

> my-docs@0.0.0 start
> docusaurus start

Terminated
Setting up watches.  Beware: since -r was given, this may take a while!
Watches established.
[INFO] Starting the development server...
[ERROR] Something is already running on port 3000.
./docs/ DELETE kggk.md
Changes detected! Pulling latest changes from GitHub...
error: You have not concluded your merge (MERGE_HEAD exists).
hint: Please, commit your changes before merging.
fatal: Exiting because of unfinished merge.
Restarting Docusaurus...

> my-docs@0.0.0 start
> docusaurus start

Terminated
Setting up watches.  Beware: since -r was given, this may take a while!
Watches established.
[INFO] Starting the development server...
[ERROR] Something is already running on port 3000.
./docs/ DELETE gg.md
Changes detected! Pulling latest changes from GitHub...
error: You have not concluded your merge (MERGE_HEAD exists).
hint: Please, commit your changes before merging.
fatal: Exiting because oerror: You have not Restarting Docusaurus...
Terminated
Setting up watches.  Beware: since -r was given, this may take a while!
Watches established.
./docs/ DELETE asus.md
Changes detected! Pulling latest changes from GitHub...
error: You have not concluded your merge (MERGE_HEAD exists).
hint: Please, commChanges detected! Pulling latest changes from GitHub...
From https://github.com/SagarRaghuvanshi31/my-docs
 * branch            main       -> FETCH_HEAD
Already up to date.
Restarting Docusaurus...

> my-d./docs/ DELETE kk.md
Changes detected! Pulling latest changes from GitHub...
error: You have not concluded your merge (MERGE_HEAD exists).
hint: Please, commit your changes before merging.
fatal: Exiting because of unfinished merge.
Restarting Docusaurus...
Terminated
Setting up watches.  Beware: since -r was given, this may take a while!
Watches established.
./docs/ DELETE sarr.md
Changes detected! Pulling latest changes from GitHub...
error: You have not concluded your merge (MERGE_HEAD exists).
hint: Please, commit your changes before merging.
fatal: Exiting because of unfinished merge.
Restarting Docusaurus...
Terminated
Setting up watches.  Beware: since -r was given, this may take a while!
Watches established.
./docs/ DELETE sagarnew.md
Changes detected! Pulling latest changes from GitHub...
error: You have not concluded your merge (MERGE_HEAD exists).
hint: Please, commit your changes before merging.
fatal: Exiting because of unfinished merge.
Restarting Docusaurus...
Terminated
Setting up watches.  Beware: since -r was given, this may take a while!
Watches established.
./docs/ DELETE new11
Changes detected! Pulling latest changes from GitHub...
error: You have not concluded your merge (MERGE_HEAD exists).
hint: Please, commit your changes before merging.
fatal: Exiting because of unfinished merge.
Restarting Docusaurus...
Terminated
Setting up watches.  Beware: since -r was given, this may take a while!
Watches established.
./docs/ CREATE Sample.md
Changes detected! Pulling latest changes from GitHub...
error: You have not concluded your merge (MERGE_HEAD exists).
hint: Please, commit your changes before merging.
fatal: Exiting because of unfinished merge.
Restarting Docusaurus...
Terminated
Setting up watches.  Beware: since -r was given, this may take a while!
Watches established.
./docs/ DELETE Sample.md
Changes detected! Pulling latest changes from GitHub...
error: You have not concluded your merge (MERGE_HEAD exists).
hint: Please, commit your changes before merging.
fatal: Exiting because of unfinished merge.
Restarting Docusaurus...
Terminated
Setting up watches.  Beware: since -r was given, this may take a while!
Watches established.
./docs/ CREATE sagar3131.md
Changes detected! Pulling latest changes from GitHub...
error: You have not concluded your merge (MERGE_HEAD exists).
hint: Please, commit your changes before merging.
fatal: Exiting because of unfinished merge.
Restarting Docusaurus...
Terminated
Setting up watches.  Beware: since -r was given, this may take a while!
Watches established.
 exists).
hint: Please, commit your changes before merging.
fatal: Exiting because of unfinished merge.
Restarting Docusaurus...
Terminated
Setting up watches.  Beware: since -r was given, this may take a while!
Watches established.
